#
# There is insufficient memory for the Java Runtime Environment to continue.
# Native memory allocation (malloc) failed to allocate 1048576 bytes for AllocateHeap
# Possible reasons:
#   The system is out of physical RAM or swap space
#   In 32 bit mode, the process size limit was hit
# Possible solutions:
#   Reduce memory load on the system
#   Increase physical memory or swap space
#   Check if swap backing store is full
#   Use 64 bit Java on a 64 bit OS
#   Decrease Java heap size (-Xmx/-Xms)
#   Decrease number of Java threads
#   Decrease Java thread stack sizes (-Xss)
#   Set larger code cache with -XX:ReservedCodeCacheSize=
# This output file may be truncated or incomplete.
#
#  Out of Memory Error (memory/allocation.inline.hpp:61), pid=6280, tid=0x00000000000015cc
#
# JRE version:  (8.0) (build )
# Java VM: OpenJDK 64-Bit Server VM (25.71-b00 mixed mode windows-amd64 compressed oops)
# Failed to write core dump. Minidumps are not enabled by default on client versions of Windows
#

---------------  T H R E A D  ---------------

Current thread (0x0000000003232800):  JavaThread "Unknown thread" [_thread_in_vm, id=5580, stack(0x0000000003130000,0x0000000003230000)]

Stack: [0x0000000003130000,0x0000000003230000]
[error occurred during error reporting (printing stack bounds), id 0xc0000005]

Native frames: (J=compiled Java code, j=interpreted, Vv=VM code, C=native code)


---------------  P R O C E S S  ---------------

Java Threads: ( => current thread )

Other Threads:

=>0x0000000003232800 (exited) JavaThread "Unknown thread" [_thread_in_vm, id=5580, stack(0x0000000003130000,0x0000000003230000)]

VM state:not at safepoint (normal execution)

VM Mutex/Monitor currently owned by a thread: None

Heap:
 PSYoungGen      total 76288K, used 1310K [0x000000076b200000, 0x0000000770700000, 0x00000007c0000000)
  eden space 65536K, 2% used [0x000000076b200000,0x000000076b347af0,0x000000076f200000)
  from space 10752K, 0% used [0x000000076fc80000,0x000000076fc80000,0x0000000770700000)
  to   space 10752K, 0% used [0x000000076f200000,0x000000076f200000,0x000000076fc80000)
 ParOldGen       total 175104K, used 0K [0x00000006c1600000, 0x00000006cc100000, 0x000000076b200000)
  object space 175104K, 0% used [0x00000006c1600000,0x00000006c1600000,0x00000006cc100000)
 Metaspace       used 777K, capacity 4480K, committed 4480K, reserved 1056768K
  class space    used 74K, capacity 384K, committed 384K, reserved 1048576K

Card table byte_map: [0x00000000126f0000,0x0000000012ef0000] byte_map_base: 0x000000000f0e5000

Marking Bits: (ParMarkBitMap*) 0x000000005e13be50
 Begin Bits: [0x0000000013a40000, 0x00000000179e8000)
 End Bits:   [0x00000000179e8000, 0x000000001b990000)

Polling page: 0x0000000002cf0000

CodeCache: size=245760Kb used=328Kb max_used=328Kb free=245431Kb
 bounds [0x0000000003330000, 0x00000000035a0000, 0x0000000012330000]
 total_blobs=57 nmethods=0 adapters=38
 compilation: enabled

Compilation events (0 events):
No events

GC Heap History (0 events):
No events

Deoptimization events (0 events):
No events

Classes redefined (0 events):
No events

Internal exceptions (0 events):
No events

Events (10 events):
Event: 0.016 loading class java/lang/Short
Event: 0.016 loading class java/lang/Short done
Event: 0.016 loading class java/lang/Integer
Event: 0.016 loading class java/lang/Integer done
Event: 0.016 loading class java/lang/Long
Event: 0.016 loading class java/lang/Long done
Event: 0.017 loading class java/lang/NullPointerException
Event: 0.017 loading class java/lang/NullPointerException done
Event: 0.017 loading class java/lang/ArithmeticException
Event: 0.017 loading class java/lang/ArithmeticException done


Dynamic libraries:
0x00007ff7d0570000 - 0x00007ff7d05a5000 	D:\unity\2021.3.18f1\Editor\Data\PlaybackEngines\AndroidPlayer\OpenJDK\bin\java.exe
0x00007ffc38850000 - 0x00007ffc38a48000 	C:\Windows\SYSTEM32\ntdll.dll
0x00007ffc376a0000 - 0x00007ffc3775f000 	C:\Windows\System32\KERNEL32.DLL
0x00007ffc36470000 - 0x00007ffc36742000 	C:\Windows\System32\KERNELBASE.dll
0x00007ffc37760000 - 0x00007ffc3780e000 	C:\Windows\System32\ADVAPI32.dll
0x00007ffc385e0000 - 0x00007ffc3867e000 	C:\Windows\System32\msvcrt.dll
0x00007ffc375f0000 - 0x00007ffc3768c000 	C:\Windows\System32\sechost.dll
0x00007ffc368a0000 - 0x00007ffc369c4000 	C:\Windows\System32\RPCRT4.dll
0x00007ffc38300000 - 0x00007ffc384a1000 	C:\Windows\System32\USER32.dll
0x00007ffc36440000 - 0x00007ffc36462000 	C:\Windows\System32\win32u.dll
0x00007ffc37b00000 - 0x00007ffc37b2b000 	C:\Windows\System32\GDI32.dll
0x00007ffc35ff0000 - 0x00007ffc360ff000 	C:\Windows\System32\gdi32full.dll
0x00007ffc35f50000 - 0x00007ffc35fed000 	C:\Windows\System32\msvcp_win.dll
0x00007ffc36340000 - 0x00007ffc36440000 	C:\Windows\System32\ucrtbase.dll
0x00007ffc1cfc0000 - 0x00007ffc1d25a000 	C:\Windows\WinSxS\amd64_microsoft.windows.common-controls_6595b64144ccf1df_6.0.19041.1110_none_60b5254171f9507e\COMCTL32.dll
0x00007ffc371a0000 - 0x00007ffc371d0000 	C:\Windows\System32\IMM32.DLL
0x000000005e1c0000 - 0x000000005e292000 	D:\unity\2021.3.18f1\Editor\Data\PlaybackEngines\AndroidPlayer\OpenJDK\jre\bin\msvcr100.dll
0x000000005d970000 - 0x000000005e1b9000 	D:\unity\2021.3.18f1\Editor\Data\PlaybackEngines\AndroidPlayer\OpenJDK\jre\bin\server\jvm.dll
0x00007ffc372f0000 - 0x00007ffc372f8000 	C:\Windows\System32\PSAPI.DLL
0x00007ffc30490000 - 0x00007ffc30499000 	C:\Windows\SYSTEM32\WSOCK32.dll
0x00007ffc2ee50000 - 0x00007ffc2ee5a000 	C:\Windows\SYSTEM32\VERSION.dll
0x00007ffc37a90000 - 0x00007ffc37afb000 	C:\Windows\System32\WS2_32.dll
0x00007ffc2a200000 - 0x00007ffc2a227000 	C:\Windows\SYSTEM32\WINMM.dll
0x00007ffbf4e30000 - 0x00007ffbf4e3f000 	D:\unity\2021.3.18f1\Editor\Data\PlaybackEngines\AndroidPlayer\OpenJDK\jre\bin\verify.dll
0x00007ffbf4e00000 - 0x00007ffbf4e29000 	D:\unity\2021.3.18f1\Editor\Data\PlaybackEngines\AndroidPlayer\OpenJDK\jre\bin\java.dll
0x00007ffbf4de0000 - 0x00007ffbf4df6000 	D:\unity\2021.3.18f1\Editor\Data\PlaybackEngines\AndroidPlayer\OpenJDK\jre\bin\zip.dll

VM Arguments:
jvm_args: -Dfile.encoding=UTF-8 
java_command: org.gradle.launcher.GradleMain -Dorg.gradle.jvmargs=-Xmx4096m --stop
java_class_path (initial): D:\unity\2021.3.18f1\Editor\Data\PlaybackEngines\AndroidPlayer\Tools\gradle\lib\gradle-launcher-6.1.1.jar
Launcher Type: SUN_STANDARD

Environment Variables:
JAVA_HOME=D:\unity\2021.3.18f1\Editor\Data\PlaybackEngines\AndroidPlayer\OpenJDK
JAVA_TOOL_OPTIONS=-Dfile.encoding=UTF-8
PATH=C:\Program Files (x86)\Common Files\Oracle\Java\javapath;C:\Program Files (x86)\Intel\iCLS Client\;C:\Program Files\Intel\iCLS Client\;C:\Windows\system32;C:\Windows;C:\Windows\System32\Wbem;C:\Windows\System32\WindowsPowerShell\v1.0\;C:\Program Files (x86)\NVIDIA Corporation\PhysX\Common;C:\Program Files (x86)\Intel\Intel(R) Management Engine Components\DAL;C:\Program Files\Intel\Intel(R) Management Engine Components\DAL;C:\Program Files (x86)\Intel\Intel(R) Management Engine Components\IPT;C:\Program Files\Intel\Intel(R) Management Engine Components\IPT;C:\Windows\system32;C:\Windows;C:\Windows\System32\Wbem;C:\Windows\System32\WindowsPowerShell\v1.0\;C:\Windows\System32\OpenSSH\;C:\Program Files\NVIDIA Corporation\NVIDIA NvDLISR;F:\git\Git\cmd;C:\Program Files\dotnet\;C:\Users\Jill\AppData\Roaming\Python\Python311\Scripts;C:\Users\Jill\AppData\Local\Programs\Python\Python311\Scripts\;C:\Users\Jill\AppData\Local\Programs\Python\Python311\;C:\Users\Jill\AppData\Local\Programs\Python\Python310\Scripts\;C:\Users\Jill\AppData\Local\Programs\Python\Python310\;C:\Users\Jill\AppData\Local\Microsoft\WindowsApps;C:\ProgramData\orang\GitHubDesktop\bin;C:\Users\Jill\AppData\Local\GitHubDesktop\bin;C:\Users\Jill\.dotnet\tools;D:\VSC\Microsoft VS Code\bin;C:\Users\Jill\AppData\Roaming\Python\Python311\Scripts;
USERNAME=orang
OS=Windows_NT
PROCESSOR_IDENTIFIER=Intel64 Family 6 Model 158 Stepping 10, GenuineIntel



---------------  S Y S T E M  ---------------

OS: Windows 10.0 , 64 bit Build 19041 (10.0.19041.2546)

CPU:total 6 (initial active 6) (6 cores per cpu, 1 threads per core) family 6 model 158 stepping 10, cmov, cx8, fxsr, mmx, sse, sse2, sse3, ssse3, sse4.1, sse4.2, popcnt, avx, avx2, aes, clmul, erms, 3dnowpref, lzcnt, tsc, tscinvbit, bmi1, bmi2, adx

Memory: 4k page, physical 16686840k(4370328k free), swap 19758840k(5688k free)

vm_info: OpenJDK 64-Bit Server VM (25.71-b00) for windows-amd64 JRE (1.8.0-adoptopenjdk-_2018_05_19_00_59-b00), built on May 19 2018 01:02:12 by "jenkins" with MS VC++ 10.0 (VS2010)

time: Tue Mar 28 01:12:05 2023
elapsed time: 0 seconds (0d 0h 0m 0s)

