#
# There is insufficient memory for the Java Runtime Environment to continue.
# Native memory allocation (malloc) failed to allocate 1048576 bytes for AllocateHeap
# Possible reasons:
#   The system is out of physical RAM or swap space
#   In 32 bit mode, the process size limit was hit
# Possible solutions:
#   Reduce memory load on the system
#   Increase physical memory or swap space
#   Check if swap backing store is full
#   Use 64 bit Java on a 64 bit OS
#   Decrease Java heap size (-Xmx/-Xms)
#   Decrease number of Java threads
#   Decrease Java thread stack sizes (-Xss)
#   Set larger code cache with -XX:ReservedCodeCacheSize=
# This output file may be truncated or incomplete.
#
#  Out of Memory Error (memory/allocation.inline.hpp:61), pid=26756, tid=0x0000000000006930
#
# JRE version:  (8.0) (build )
# Java VM: OpenJDK 64-Bit Server VM (25.71-b00 mixed mode windows-amd64 compressed oops)
# Failed to write core dump. Minidumps are not enabled by default on client versions of Windows
#

---------------  T H R E A D  ---------------

Current thread (0x0000000002a82800):  JavaThread "Unknown thread" [_thread_in_vm, id=26928, stack(0x0000000002980000,0x0000000002a80000)]

Stack: [0x0000000002980000,0x0000000002a80000]
[error occurred during error reporting (printing stack bounds), id 0xc0000005]

Native frames: (J=compiled Java code, j=interpreted, Vv=VM code, C=native code)


---------------  P R O C E S S  ---------------

Java Threads: ( => current thread )

Other Threads:

=>0x0000000002a82800 (exited) JavaThread "Unknown thread" [_thread_in_vm, id=26928, stack(0x0000000002980000,0x0000000002a80000)]

VM state:not at safepoint (normal execution)

VM Mutex/Monitor currently owned by a thread: None

Heap:
 PSYoungGen      total 76288K, used 1310K [0x000000076b200000, 0x0000000770700000, 0x00000007c0000000)
  eden space 65536K, 2% used [0x000000076b200000,0x000000076b347af0,0x000000076f200000)
  from space 10752K, 0% used [0x000000076fc80000,0x000000076fc80000,0x0000000770700000)
  to   space 10752K, 0% used [0x000000076f200000,0x000000076f200000,0x000000076fc80000)
 ParOldGen       total 175104K, used 0K [0x00000006c1600000, 0x00000006cc100000, 0x000000076b200000)
  object space 175104K, 0% used [0x00000006c1600000,0x00000006c1600000,0x00000006cc100000)
 Metaspace       used 777K, capacity 4480K, committed 4480K, reserved 1056768K
  class space    used 74K, capacity 384K, committed 384K, reserved 1048576K

Card table byte_map: [0x0000000011f40000,0x0000000012740000] byte_map_base: 0x000000000e935000

Marking Bits: (ParMarkBitMap*) 0x000000005a20be50
 Begin Bits: [0x0000000013290000, 0x0000000017238000)
 End Bits:   [0x0000000017238000, 0x000000001b1e0000)

Polling page: 0x0000000000cd0000

CodeCache: size=245760Kb used=328Kb max_used=328Kb free=245431Kb
 bounds [0x0000000002b80000, 0x0000000002df0000, 0x0000000011b80000]
 total_blobs=57 nmethods=0 adapters=38
 compilation: enabled

Compilation events (0 events):
No events

GC Heap History (0 events):
No events

Deoptimization events (0 events):
No events

Classes redefined (0 events):
No events

Internal exceptions (0 events):
No events

Events (10 events):
Event: 0.016 loading class java/lang/Short
Event: 0.016 loading class java/lang/Short done
Event: 0.016 loading class java/lang/Integer
Event: 0.016 loading class java/lang/Integer done
Event: 0.016 loading class java/lang/Long
Event: 0.016 loading class java/lang/Long done
Event: 0.016 loading class java/lang/NullPointerException
Event: 0.016 loading class java/lang/NullPointerException done
Event: 0.016 loading class java/lang/ArithmeticException
Event: 0.016 loading class java/lang/ArithmeticException done


Dynamic libraries:
0x00007ff7120b0000 - 0x00007ff7120e5000 	D:\unity\2021.3.18f1\Editor\Data\PlaybackEngines\AndroidPlayer\OpenJDK\bin\java.exe
0x00007fff92ef0000 - 0x00007fff930e8000 	C:\Windows\SYSTEM32\ntdll.dll
0x00007fff911d0000 - 0x00007fff9128f000 	C:\Windows\System32\KERNEL32.DLL
0x00007fff909b0000 - 0x00007fff90c82000 	C:\Windows\System32\KERNELBASE.dll
0x00007fff90f40000 - 0x00007fff90fee000 	C:\Windows\System32\ADVAPI32.dll
0x00007fff919d0000 - 0x00007fff91a6e000 	C:\Windows\System32\msvcrt.dll
0x00007fff91070000 - 0x00007fff9110c000 	C:\Windows\System32\sechost.dll
0x00007fff92730000 - 0x00007fff92854000 	C:\Windows\System32\RPCRT4.dll
0x00007fff91290000 - 0x00007fff91431000 	C:\Windows\System32\USER32.dll
0x00007fff90770000 - 0x00007fff90792000 	C:\Windows\System32\win32u.dll
0x00007fff91930000 - 0x00007fff9195b000 	C:\Windows\System32\GDI32.dll
0x00007fff90d20000 - 0x00007fff90e2f000 	C:\Windows\System32\gdi32full.dll
0x00007fff90e30000 - 0x00007fff90ecd000 	C:\Windows\System32\msvcp_win.dll
0x00007fff905f0000 - 0x00007fff906f0000 	C:\Windows\System32\ucrtbase.dll
0x00007fff7ce30000 - 0x00007fff7d0ca000 	C:\Windows\WinSxS\amd64_microsoft.windows.common-controls_6595b64144ccf1df_6.0.19041.1110_none_60b5254171f9507e\COMCTL32.dll
0x00007fff92860000 - 0x00007fff92890000 	C:\Windows\System32\IMM32.DLL
0x000000005a510000 - 0x000000005a5e2000 	D:\unity\2021.3.18f1\Editor\Data\PlaybackEngines\AndroidPlayer\OpenJDK\jre\bin\msvcr100.dll
0x0000000059a40000 - 0x000000005a289000 	D:\unity\2021.3.18f1\Editor\Data\PlaybackEngines\AndroidPlayer\OpenJDK\jre\bin\server\jvm.dll
0x00007fff92720000 - 0x00007fff92728000 	C:\Windows\System32\PSAPI.DLL
0x00007fff8ac10000 - 0x00007fff8ac19000 	C:\Windows\SYSTEM32\WSOCK32.dll
0x00007fff84c30000 - 0x00007fff84c57000 	C:\Windows\SYSTEM32\WINMM.dll
0x00007fff891b0000 - 0x00007fff891ba000 	C:\Windows\SYSTEM32\VERSION.dll
0x00007fff91960000 - 0x00007fff919cb000 	C:\Windows\System32\WS2_32.dll
0x00007fff8a3f0000 - 0x00007fff8a3ff000 	D:\unity\2021.3.18f1\Editor\Data\PlaybackEngines\AndroidPlayer\OpenJDK\jre\bin\verify.dll
0x00007fff6fa20000 - 0x00007fff6fa49000 	D:\unity\2021.3.18f1\Editor\Data\PlaybackEngines\AndroidPlayer\OpenJDK\jre\bin\java.dll
0x00007fff6fa00000 - 0x00007fff6fa16000 	D:\unity\2021.3.18f1\Editor\Data\PlaybackEngines\AndroidPlayer\OpenJDK\jre\bin\zip.dll

VM Arguments:
jvm_args: -Dfile.encoding=UTF-8 
java_command: <unknown>
java_class_path (initial): .
Launcher Type: SUN_STANDARD

Environment Variables:
JAVA_HOME=D:\unity\2021.3.18f1\Editor\Data\PlaybackEngines\AndroidPlayer\OpenJDK
JAVA_TOOL_OPTIONS=-Dfile.encoding=UTF-8
PATH=C:\Program Files (x86)\Common Files\Oracle\Java\javapath;C:\Program Files (x86)\Intel\iCLS Client\;C:\Program Files\Intel\iCLS Client\;C:\Windows\system32;C:\Windows;C:\Windows\System32\Wbem;C:\Windows\System32\WindowsPowerShell\v1.0\;C:\Program Files (x86)\NVIDIA Corporation\PhysX\Common;C:\Program Files (x86)\Intel\Intel(R) Management Engine Components\DAL;C:\Program Files\Intel\Intel(R) Management Engine Components\DAL;C:\Program Files (x86)\Intel\Intel(R) Management Engine Components\IPT;C:\Program Files\Intel\Intel(R) Management Engine Components\IPT;C:\Windows\system32;C:\Windows;C:\Windows\System32\Wbem;C:\Windows\System32\WindowsPowerShell\v1.0\;C:\Windows\System32\OpenSSH\;C:\Program Files\NVIDIA Corporation\NVIDIA NvDLISR;F:\git\Git\cmd;C:\Program Files\dotnet\;C:\Users\Jill\AppData\Roaming\Python\Python311\Scripts;C:\Users\Jill\AppData\Local\Programs\Python\Python311\Scripts\;C:\Users\Jill\AppData\Local\Programs\Python\Python311\;C:\Users\Jill\AppData\Local\Programs\Python\Python310\Scripts\;C:\Users\Jill\AppData\Local\Programs\Python\Python310\;C:\Users\Jill\AppData\Local\Microsoft\WindowsApps;C:\ProgramData\orang\GitHubDesktop\bin;C:\Users\Jill\AppData\Local\GitHubDesktop\bin;C:\Users\Jill\.dotnet\tools;D:\VSC\Microsoft VS Code\bin;C:\Users\Jill\AppData\Roaming\Python\Python311\Scripts;
USERNAME=orang
OS=Windows_NT
PROCESSOR_IDENTIFIER=Intel64 Family 6 Model 158 Stepping 10, GenuineIntel



---------------  S Y S T E M  ---------------

OS: Windows 10.0 , 64 bit Build 19041 (10.0.19041.2546)

CPU:total 6 (initial active 6) (6 cores per cpu, 1 threads per core) family 6 model 158 stepping 10, cmov, cx8, fxsr, mmx, sse, sse2, sse3, ssse3, sse4.1, sse4.2, popcnt, avx, avx2, aes, clmul, erms, 3dnowpref, lzcnt, tsc, tscinvbit, bmi1, bmi2, adx

Memory: 4k page, physical 16686840k(5144168k free), swap 19758840k(5704k free)

vm_info: OpenJDK 64-Bit Server VM (25.71-b00) for windows-amd64 JRE (1.8.0-adoptopenjdk-_2018_05_19_00_59-b00), built on May 19 2018 01:02:12 by "jenkins" with MS VC++ 10.0 (VS2010)

time: Wed Mar 22 21:28:08 2023
elapsed time: 0 seconds (0d 0h 0m 0s)

